Determining if the function sgemm_ exists failed with the following output:
Change Dir: /home/yee/Documents/SMPL++/build/CMakeFiles/CMakeTmp

Run Build Command:"/usr/bin/make" "cmTC_24f01/fast"
/usr/bin/make -f CMakeFiles/cmTC_24f01.dir/build.make CMakeFiles/cmTC_24f01.dir/build
make[1]: Entering directory '/home/yee/Documents/SMPL++/build/CMakeFiles/CMakeTmp'
Building C object CMakeFiles/cmTC_24f01.dir/CheckFunctionExists.c.o
/usr/bin/cc   -DCHECK_FUNCTION_EXISTS=sgemm_   -o CMakeFiles/cmTC_24f01.dir/CheckFunctionExists.c.o   -c /usr/share/cmake-3.10/Modules/CheckFunctionExists.c
Linking C executable cmTC_24f01
/usr/bin/cmake -E cmake_link_script CMakeFiles/cmTC_24f01.dir/link.txt --verbose=1
/usr/bin/cc  -DCHECK_FUNCTION_EXISTS=sgemm_    -rdynamic CMakeFiles/cmTC_24f01.dir/CheckFunctionExists.c.o  -o cmTC_24f01 /usr/local/lib/libopenblas.a 
/usr/local/lib/libopenblas.a(memory.c.o): In function `openblas_fork_handler':
memory.c:(.text+0xd5): undefined reference to `pthread_atfork'
/usr/local/lib/libopenblas.a(blas_server.c.o): In function `blas_thread_init':
blas_server.c:(.text+0x8c5): undefined reference to `pthread_create'
/usr/local/lib/libopenblas.a(blas_server.c.o): In function `goto_set_num_threads':
blas_server.c:(.text+0x11da): undefined reference to `pthread_create'
/usr/local/lib/libopenblas.a(blas_server.c.o): In function `blas_thread_shutdown_':
blas_server.c:(.text+0x1617): undefined reference to `pthread_join'
collect2: error: ld returned 1 exit status
CMakeFiles/cmTC_24f01.dir/build.make:98: recipe for target 'cmTC_24f01' failed
make[1]: *** [cmTC_24f01] Error 1
make[1]: Leaving directory '/home/yee/Documents/SMPL++/build/CMakeFiles/CMakeTmp'
Makefile:126: recipe for target 'cmTC_24f01/fast' failed
make: *** [cmTC_24f01/fast] Error 2


Determining if the pthread_create exist failed with the following output:
Change Dir: /home/yee/Documents/SMPL++/build/CMakeFiles/CMakeTmp

Run Build Command:"/usr/bin/make" "cmTC_54e4f/fast"
/usr/bin/make -f CMakeFiles/cmTC_54e4f.dir/build.make CMakeFiles/cmTC_54e4f.dir/build
make[1]: Entering directory '/home/yee/Documents/SMPL++/build/CMakeFiles/CMakeTmp'
Building C object CMakeFiles/cmTC_54e4f.dir/CheckSymbolExists.c.o
/usr/bin/cc    -o CMakeFiles/cmTC_54e4f.dir/CheckSymbolExists.c.o   -c /home/yee/Documents/SMPL++/build/CMakeFiles/CMakeTmp/CheckSymbolExists.c
Linking C executable cmTC_54e4f
/usr/bin/cmake -E cmake_link_script CMakeFiles/cmTC_54e4f.dir/link.txt --verbose=1
/usr/bin/cc      -rdynamic CMakeFiles/cmTC_54e4f.dir/CheckSymbolExists.c.o  -o cmTC_54e4f 
CMakeFiles/cmTC_54e4f.dir/CheckSymbolExists.c.o: In function `main':
CheckSymbolExists.c:(.text+0x1b): undefined reference to `pthread_create'
collect2: error: ld returned 1 exit status
CMakeFiles/cmTC_54e4f.dir/build.make:97: recipe for target 'cmTC_54e4f' failed
make[1]: *** [cmTC_54e4f] Error 1
make[1]: Leaving directory '/home/yee/Documents/SMPL++/build/CMakeFiles/CMakeTmp'
Makefile:126: recipe for target 'cmTC_54e4f/fast' failed
make: *** [cmTC_54e4f/fast] Error 2

File /home/yee/Documents/SMPL++/build/CMakeFiles/CMakeTmp/CheckSymbolExists.c:
/* */
#include <pthread.h>

int main(int argc, char** argv)
{
  (void)argv;
#ifndef pthread_create
  return ((int*)(&pthread_create))[argc];
#else
  (void)argc;
  return 0;
#endif
}

Determining if the function pthread_create exists in the pthreads failed with the following output:
Change Dir: /home/yee/Documents/SMPL++/build/CMakeFiles/CMakeTmp

Run Build Command:"/usr/bin/make" "cmTC_2b26f/fast"
/usr/bin/make -f CMakeFiles/cmTC_2b26f.dir/build.make CMakeFiles/cmTC_2b26f.dir/build
make[1]: Entering directory '/home/yee/Documents/SMPL++/build/CMakeFiles/CMakeTmp'
Building C object CMakeFiles/cmTC_2b26f.dir/CheckFunctionExists.c.o
/usr/bin/cc   -DCHECK_FUNCTION_EXISTS=pthread_create   -o CMakeFiles/cmTC_2b26f.dir/CheckFunctionExists.c.o   -c /usr/share/cmake-3.10/Modules/CheckFunctionExists.c
Linking C executable cmTC_2b26f
/usr/bin/cmake -E cmake_link_script CMakeFiles/cmTC_2b26f.dir/link.txt --verbose=1
/usr/bin/cc  -DCHECK_FUNCTION_EXISTS=pthread_create    -rdynamic CMakeFiles/cmTC_2b26f.dir/CheckFunctionExists.c.o  -o cmTC_2b26f -lpthreads 
/usr/bin/ld: cannot find -lpthreads
collect2: error: ld returned 1 exit status
CMakeFiles/cmTC_2b26f.dir/build.make:97: recipe for target 'cmTC_2b26f' failed
make[1]: *** [cmTC_2b26f] Error 1
make[1]: Leaving directory '/home/yee/Documents/SMPL++/build/CMakeFiles/CMakeTmp'
Makefile:126: recipe for target 'cmTC_2b26f/fast' failed
make: *** [cmTC_2b26f/fast] Error 2


Determining if the function cheev_ exists failed with the following output:
Change Dir: /home/yee/Documents/SMPL++/build/CMakeFiles/CMakeTmp

Run Build Command:"/usr/bin/make" "cmTC_30d6e/fast"
/usr/bin/make -f CMakeFiles/cmTC_30d6e.dir/build.make CMakeFiles/cmTC_30d6e.dir/build
make[1]: Entering directory '/home/yee/Documents/SMPL++/build/CMakeFiles/CMakeTmp'
Building C object CMakeFiles/cmTC_30d6e.dir/CheckFunctionExists.c.o
/usr/bin/cc   -DCHECK_FUNCTION_EXISTS=cheev_   -o CMakeFiles/cmTC_30d6e.dir/CheckFunctionExists.c.o   -c /usr/share/cmake-3.10/Modules/CheckFunctionExists.c
Linking C executable cmTC_30d6e
/usr/bin/cmake -E cmake_link_script CMakeFiles/cmTC_30d6e.dir/link.txt --verbose=1
/usr/bin/cc  -DCHECK_FUNCTION_EXISTS=cheev_    -rdynamic CMakeFiles/cmTC_30d6e.dir/CheckFunctionExists.c.o  -o cmTC_30d6e /usr/local/lib/libopenblas.a /usr/lib/x86_64-linux-gnu/libf77blas.so /usr/lib/x86_64-linux-gnu/libatlas.so 
/usr/local/lib/libopenblas.a(clanhe.f.o): In function `clanhe_':
clanhe.f:(.text+0x14f): undefined reference to `cabsf'
clanhe.f:(.text+0x2d4): undefined reference to `cabsf'
clanhe.f:(.text+0x43e): undefined reference to `cabsf'
clanhe.f:(.text+0x646): undefined reference to `cabsf'
/usr/local/lib/libopenblas.a(chemv_thread_U.c.o): In function `chemv_thread_U':
chemv_thread_U.c:(.text+0x28c): undefined reference to `sqrt'
/usr/local/lib/libopenblas.a(chemv_thread_L.c.o): In function `chemv_thread_L':
chemv_thread_L.c:(.text+0x31a): undefined reference to `sqrt'
/usr/local/lib/libopenblas.a(chemv_thread_V.c.o): In function `chemv_thread_V':
chemv_thread_V.c:(.text+0x28c): undefined reference to `sqrt'
/usr/local/lib/libopenblas.a(chemv_thread_M.c.o): In function `chemv_thread_M':
chemv_thread_M.c:(.text+0x31a): undefined reference to `sqrt'
/usr/local/lib/libopenblas.a(syrk_thread.c.o): In function `syrk_thread':
syrk_thread.c:(.text+0x251): undefined reference to `sqrt'
/usr/local/lib/libopenblas.a(syrk_thread.c.o):syrk_thread.c:(.text+0x65f): more undefined references to `sqrt' follow
/usr/local/lib/libopenblas.a(memory.c.o): In function `openblas_fork_handler':
memory.c:(.text+0xd5): undefined reference to `pthread_atfork'
/usr/local/lib/libopenblas.a(blas_server.c.o): In function `blas_thread_init':
blas_server.c:(.text+0x8c5): undefined reference to `pthread_create'
/usr/local/lib/libopenblas.a(blas_server.c.o): In function `goto_set_num_threads':
blas_server.c:(.text+0x11da): undefined reference to `pthread_create'
/usr/local/lib/libopenblas.a(blas_server.c.o): In function `blas_thread_shutdown_':
blas_server.c:(.text+0x1617): undefined reference to `pthread_join'
/usr/local/lib/libopenblas.a(iparmq.f.o): In function `iparmq_':
iparmq.f:(.text+0xb1): undefined reference to `logf'
iparmq.f:(.text+0xc8): undefined reference to `lroundf'
/usr/local/lib/libopenblas.a(slartg.f.o): In function `slartg_':
slartg.f:(.text+0x7c): undefined reference to `logf'
slartg.f:(.text+0x9c): undefined reference to `logf'
/usr/local/lib/libopenblas.a(cher2_thread_U.c.o): In function `cher2_thread_U':
cher2_thread_U.c:(.text+0x551): undefined reference to `sqrt'
/usr/local/lib/libopenblas.a(cher2_thread_L.c.o): In function `cher2_thread_L':
cher2_thread_L.c:(.text+0x5ec): undefined reference to `sqrt'
/usr/local/lib/libopenblas.a(cher2_thread_V.c.o): In function `cher2_thread_V':
cher2_thread_V.c:(.text+0x554): undefined reference to `sqrt'
/usr/local/lib/libopenblas.a(cher2_thread_M.c.o): In function `cher2_thread_M':
cher2_thread_M.c:(.text+0x5ef): undefined reference to `sqrt'
/usr/local/lib/libopenblas.a(ctrmv_thread_NUN.c.o): In function `ctrmv_thread_NUN':
ctrmv_thread_NUN.c:(.text+0x551): undefined reference to `sqrt'
/usr/local/lib/libopenblas.a(ctrmv_thread_NLN.c.o):ctrmv_thread_NLN.c:(.text+0x5f0): more undefined references to `sqrt' follow
collect2: error: ld returned 1 exit status
CMakeFiles/cmTC_30d6e.dir/build.make:100: recipe for target 'cmTC_30d6e' failed
make[1]: *** [cmTC_30d6e] Error 1
make[1]: Leaving directory '/home/yee/Documents/SMPL++/build/CMakeFiles/CMakeTmp'
Makefile:126: recipe for target 'cmTC_30d6e/fast' failed
make: *** [cmTC_30d6e/fast] Error 2


